<?xml version="1.0" encoding="UTF-8"?>
<testng-results ignored="0" total="1" passed="1" failed="0" skipped="0">
  <reporter-output>
  </reporter-output>
  <suite started-at="2024-11-06T22:45:43 EET" name="Default suite" finished-at="2024-11-06T22:45:50 EET" duration-ms="6260">
    <groups>
    </groups>
    <test started-at="2024-11-06T22:45:43 EET" name="Default test" finished-at="2024-11-06T22:45:50 EET" duration-ms="6260">
      <class name="MyTestCases">
        <test-method is-config="true" signature="setup()[pri:0, instance:MyTestCases@1b765a2c]" started-at="2024-11-06T22:45:43 EET" name="setup" finished-at="2024-11-06T22:45:44 EET" duration-ms="1113" status="PASS">
          <reporter-output>
          </reporter-output>
        </test-method> <!-- setup -->
        <test-method signature="searchAboutEsraa()[pri:0, instance:MyTestCases@1b765a2c]" started-at="2024-11-06T22:45:44 EET" name="searchAboutEsraa" finished-at="2024-11-06T22:45:50 EET" duration-ms="5096" status="PASS">
          <reporter-output>
          </reporter-output>
        </test-method> <!-- searchAboutEsraa -->
        <test-method is-config="true" signature="afterTest()[pri:0, instance:MyTestCases@1b765a2c]" started-at="2024-11-06T22:45:50 EET" name="afterTest" finished-at="2024-11-06T22:45:50 EET" duration-ms="1" status="PASS">
          <reporter-output>
          </reporter-output>
        </test-method> <!-- afterTest -->
      </class> <!-- MyTestCases -->
    </test> <!-- Default test -->
  </suite> <!-- Default suite -->
</testng-results>
